<?xml version="1.0" encoding="UTF-8"?>
<!-- Generated by org.testng.reporters.JUnitReportReporter -->
<testsuite hostname="DESKTOP-AP5M17I" failures="0" tests="1" name="CRUDWithBDD.ReadDataFromPractionerXml" time="17.610" errors="0" timestamp="2022-08-25T12:55:30 IST" skipped="0">
  <testcase classname="CRUDWithBDD.ReadDataFromPractionerXml" name="reading" time="17.610"/>
  <system-out/>
</testsuite> <!-- CRUDWithBDD.ReadDataFromPractionerXml -->
