<?xml version="1.0" encoding="UTF-8"?>
<!-- Generated by org.testng.reporters.JUnitReportReporter -->
<testsuite hostname="DESKTOP-AP5M17I" failures="0" tests="1" name="OAUTH.Aouth" time="3.173" errors="0" timestamp="2022-08-10T17:24:50 IST" skipped="0">
  <testcase classname="OAUTH.Aouth" name="ouath2test" time="3.173"/>
  <system-out/>
</testsuite> <!-- OAUTH.Aouth -->
