<?xml version="1.0" encoding="UTF-8"?>
<!-- Generated by org.testng.reporters.JUnitReportReporter -->
<testsuite hostname="DESKTOP-AP5M17I" failures="0" tests="1" name="CRUDWithBDD.ConverXmlToJson" time="0.027" errors="0" timestamp="2022-08-25T00:53:18 IST" skipped="0">
  <testcase classname="CRUDWithBDD.ConverXmlToJson" name="readFromJson" time="0.027"/>
  <system-out/>
</testsuite> <!-- CRUDWithBDD.ConverXmlToJson -->
