<?xml version="1.0" encoding="UTF-8"?>
<!-- Generated by org.testng.reporters.JUnitReportReporter -->
<testsuite hostname="DESKTOP-AP5M17I" failures="0" tests="1" name="CRUDWithBDD.GetPractitionerRes" time="2.908" errors="0" timestamp="2022-08-25T12:47:18 IST" skipped="0">
  <testcase classname="CRUDWithBDD.GetPractitionerRes" name="getPractitioner" time="2.908"/>
  <system-out/>
</testsuite> <!-- CRUDWithBDD.GetPractitionerRes -->
